<?xml version="1.0" encoding="UTF-8"?>
<!-- Generated by org.testng.reporters.JUnitXMLReporter -->
<testsuite ignored="0" hostname="DESKTOP-C8CJIDH" failures="1" tests="2" name="ValidateTesting" time="56.578" errors="0" timestamp="2021-07-30T19:51:44 IST">
  <testcase classname="rahul.shettyTestcases.ValidateText" name="TitlepageValidation" time="0.044"/>
  <testcase classname="rahul.shettyTestcases.ValidateText" name="pageTextValid" time="0.103">
    <failure type="java.lang.AssertionError" message="expected [Featured Courses1] but found [Featured Courses]">
      <![CDATA[java.lang.AssertionError: expected [Featured Courses1] but found [Featured Courses]
at rahul.shettyTestcases.ValidateText.pageTextValid(ValidateText.java:42)
at java.base/java.util.ArrayList.forEach(ArrayList.java:1541)
... Removed 33 stack frames]]>
    </failure>
  </testcase> <!-- pageTextValid -->
</testsuite> <!-- ValidateTesting -->
