<?xml version="1.0" encoding="UTF-8"?>
<testng-results ignored="0" total="5" passed="4" failed="1" skipped="0">
  <reporter-output>
  </reporter-output>
  <suite started-at="2021-07-30T19:46:06 IST" name="Suite" finished-at="2021-07-30T19:51:44 IST" duration-ms="338081">
    <groups>
    </groups>
    <test started-at="2021-07-30T19:46:06 IST" name="HomePageTesting" finished-at="2021-07-30T19:50:46 IST" duration-ms="279953">
      <class name="rahul.shettyTestcases.HomePage">
        <test-method is-config="true" signature="setup()[pri:0, instance:rahul.shettyTestcases.HomePage@66c61024]" started-at="2021-07-30T19:46:06 IST" name="setup" finished-at="2021-07-30T19:46:52 IST" duration-ms="46149" status="PASS">
          <reporter-output>
          </reporter-output>
        </test-method> <!-- setup -->
        <test-method signature="SignInPage(java.lang.String,java.lang.String)[pri:0, instance:rahul.shettyTestcases.HomePage@66c61024]" started-at="2021-07-30T19:46:52 IST" name="SignInPage" data-provider="getData" finished-at="2021-07-30T19:47:26 IST" duration-ms="33840" status="PASS">
          <params>
            <param index="0">
              <value>
                <![CDATA[adarshags1992@gmail.com]]>
              </value>
            </param>
            <param index="1">
              <value>
                <![CDATA[Havish@123]]>
              </value>
            </param>
          </params>
          <reporter-output>
          </reporter-output>
        </test-method> <!-- SignInPage -->
        <test-method is-config="true" signature="windup()[pri:0, instance:rahul.shettyTestcases.HomePage@66c61024]" started-at="2021-07-30T19:47:26 IST" name="windup" finished-at="2021-07-30T19:47:27 IST" duration-ms="813" status="PASS">
          <reporter-output>
          </reporter-output>
        </test-method> <!-- windup -->
        <test-method is-config="true" signature="setup()[pri:0, instance:rahul.shettyTestcases.HomePage@66c61024]" started-at="2021-07-30T19:47:27 IST" name="setup" finished-at="2021-07-30T19:48:27 IST" duration-ms="60358" status="PASS">
          <reporter-output>
          </reporter-output>
        </test-method> <!-- setup -->
        <test-method signature="TitlepageValidation()[pri:1, instance:rahul.shettyTestcases.HomePage@66c61024]" started-at="2021-07-30T19:48:27 IST" name="TitlepageValidation" finished-at="2021-07-30T19:48:27 IST" duration-ms="29" status="PASS">
          <reporter-output>
          </reporter-output>
        </test-method> <!-- TitlepageValidation -->
        <test-method is-config="true" signature="windup()[pri:0, instance:rahul.shettyTestcases.HomePage@66c61024]" started-at="2021-07-30T19:48:27 IST" name="windup" finished-at="2021-07-30T19:48:28 IST" duration-ms="780" status="PASS">
          <reporter-output>
          </reporter-output>
        </test-method> <!-- windup -->
        <test-method is-config="true" signature="setup()[pri:0, instance:rahul.shettyTestcases.HomePage@66c61024]" started-at="2021-07-30T19:48:28 IST" name="setup" finished-at="2021-07-30T19:50:22 IST" duration-ms="114205" status="PASS">
          <reporter-output>
          </reporter-output>
        </test-method> <!-- setup -->
        <test-method signature="log()[pri:2, instance:rahul.shettyTestcases.HomePage@66c61024]" started-at="2021-07-30T19:50:22 IST" name="log" finished-at="2021-07-30T19:50:45 IST" duration-ms="22832" status="PASS">
          <reporter-output>
          </reporter-output>
        </test-method> <!-- log -->
        <test-method is-config="true" signature="windup()[pri:0, instance:rahul.shettyTestcases.HomePage@66c61024]" started-at="2021-07-30T19:50:45 IST" name="windup" finished-at="2021-07-30T19:50:46 IST" duration-ms="845" status="PASS">
          <reporter-output>
          </reporter-output>
        </test-method> <!-- windup -->
      </class> <!-- rahul.shettyTestcases.HomePage -->
    </test> <!-- HomePageTesting -->
    <test started-at="2021-07-30T19:50:48 IST" name="ValidateTesting" finished-at="2021-07-30T19:51:44 IST" duration-ms="56578">
      <class name="rahul.shettyTestcases.ValidateText">
        <test-method is-config="true" signature="setup()[pri:0, instance:rahul.shettyTestcases.ValidateText@3c9c0d96]" started-at="2021-07-30T19:50:48 IST" name="setup" finished-at="2021-07-30T19:51:15 IST" duration-ms="27605" status="PASS">
          <reporter-output>
          </reporter-output>
        </test-method> <!-- setup -->
        <test-method signature="TitlepageValidation()[pri:1, instance:rahul.shettyTestcases.ValidateText@3c9c0d96]" started-at="2021-07-30T19:51:15 IST" name="TitlepageValidation" finished-at="2021-07-30T19:51:15 IST" duration-ms="44" status="PASS">
          <reporter-output>
          </reporter-output>
        </test-method> <!-- TitlepageValidation -->
        <test-method is-config="true" signature="windup()[pri:0, instance:rahul.shettyTestcases.ValidateText@3c9c0d96]" started-at="2021-07-30T19:51:15 IST" name="windup" finished-at="2021-07-30T19:51:16 IST" duration-ms="797" status="PASS">
          <reporter-output>
          </reporter-output>
        </test-method> <!-- windup -->
        <test-method is-config="true" signature="setup()[pri:0, instance:rahul.shettyTestcases.ValidateText@3c9c0d96]" started-at="2021-07-30T19:51:16 IST" name="setup" finished-at="2021-07-30T19:51:43 IST" duration-ms="26756" status="PASS">
          <reporter-output>
          </reporter-output>
        </test-method> <!-- setup -->
        <test-method signature="pageTextValid()[pri:2, instance:rahul.shettyTestcases.ValidateText@3c9c0d96]" started-at="2021-07-30T19:51:43 IST" name="pageTextValid" finished-at="2021-07-30T19:51:43 IST" duration-ms="103" status="FAIL">
          <exception class="java.lang.AssertionError">
            <message>
              <![CDATA[expected [Featured Courses1] but found [Featured Courses]]]>
            </message>
            <full-stacktrace>
              <![CDATA[java.lang.AssertionError: expected [Featured Courses1] but found [Featured Courses]
at org.testng.Assert.fail(Assert.java:99)
at org.testng.Assert.failNotEquals(Assert.java:1037)
at org.testng.Assert.assertEqualsImpl(Assert.java:140)
at org.testng.Assert.assertEquals(Assert.java:122)
at org.testng.Assert.assertEquals(Assert.java:629)
at org.testng.Assert.assertEquals(Assert.java:639)
at rahul.shettyTestcases.ValidateText.pageTextValid(ValidateText.java:42)
at java.base/jdk.internal.reflect.NativeMethodAccessorImpl.invoke0(Native Method)
at java.base/jdk.internal.reflect.NativeMethodAccessorImpl.invoke(NativeMethodAccessorImpl.java:62)
at java.base/jdk.internal.reflect.DelegatingMethodAccessorImpl.invoke(DelegatingMethodAccessorImpl.java:43)
at java.base/java.lang.reflect.Method.invoke(Method.java:566)
at org.testng.internal.MethodInvocationHelper.invokeMethod(MethodInvocationHelper.java:133)
at org.testng.internal.TestInvoker.invokeMethod(TestInvoker.java:598)
at org.testng.internal.TestInvoker.invokeTestMethod(TestInvoker.java:173)
at org.testng.internal.MethodRunner.runInSequence(MethodRunner.java:46)
at org.testng.internal.TestInvoker$MethodInvocationAgent.invoke(TestInvoker.java:824)
at org.testng.internal.TestInvoker.invokeTestMethods(TestInvoker.java:146)
at org.testng.internal.TestMethodWorker.invokeTestMethods(TestMethodWorker.java:146)
at org.testng.internal.TestMethodWorker.run(TestMethodWorker.java:128)
at java.base/java.util.ArrayList.forEach(ArrayList.java:1541)
at org.testng.TestRunner.privateRun(TestRunner.java:794)
at org.testng.TestRunner.run(TestRunner.java:596)
at org.testng.SuiteRunner.runTest(SuiteRunner.java:377)
at org.testng.SuiteRunner.runSequentially(SuiteRunner.java:371)
at org.testng.SuiteRunner.privateRun(SuiteRunner.java:332)
at org.testng.SuiteRunner.run(SuiteRunner.java:276)
at org.testng.SuiteRunnerWorker.runSuite(SuiteRunnerWorker.java:53)
at org.testng.SuiteRunnerWorker.run(SuiteRunnerWorker.java:96)
at org.testng.TestNG.runSuitesSequentially(TestNG.java:1212)
at org.testng.TestNG.runSuitesLocally(TestNG.java:1134)
at org.testng.TestNG.runSuites(TestNG.java:1063)
at org.testng.TestNG.run(TestNG.java:1031)
at org.testng.remote.AbstractRemoteTestNG.run(AbstractRemoteTestNG.java:115)
at org.testng.remote.RemoteTestNG.initAndRun(RemoteTestNG.java:251)
at org.testng.remote.RemoteTestNG.main(RemoteTestNG.java:77)
]]>
            </full-stacktrace>
          </exception> <!-- java.lang.AssertionError -->
          <reporter-output>
          </reporter-output>
        </test-method> <!-- pageTextValid -->
        <test-method is-config="true" signature="windup()[pri:0, instance:rahul.shettyTestcases.ValidateText@3c9c0d96]" started-at="2021-07-30T19:51:44 IST" name="windup" finished-at="2021-07-30T19:51:44 IST" duration-ms="723" status="PASS">
          <reporter-output>
          </reporter-output>
        </test-method> <!-- windup -->
      </class> <!-- rahul.shettyTestcases.ValidateText -->
    </test> <!-- ValidateTesting -->
  </suite> <!-- Suite -->
</testng-results>
